<?xml version="1.0" encoding="UTF-8"?>
<coverage generated="1688741012719" clover="3.2.0">
  <project timestamp="1688741012719" name="All files">
    <metrics statements="7" coveredstatements="7" conditionals="3" coveredconditionals="1" methods="4" coveredmethods="4" elements="14" coveredelements="12" complexity="0" loc="7" ncloc="7" packages="2" files="2" classes="2"/>
    <package name="lib.classNames">
      <metrics statements="3" coveredstatements="3" conditionals="2" coveredconditionals="0" methods="3" coveredmethods="3"/>
      <file name="classNames.ts" path="D:\projects\UBI\src\shared\lib\classNames\classNames.ts">
        <metrics statements="3" coveredstatements="3" conditionals="2" coveredconditionals="0" methods="3" coveredmethods="3"/>
        <line num="3" count="1" type="cond" truecount="0" falsecount="2"/>
        <line num="7" count="3" type="stmt"/>
        <line num="8" count="2" type="stmt"/>
      </file>
    </package>
    <package name="ui.Button">
      <metrics statements="4" coveredstatements="4" conditionals="1" coveredconditionals="1" methods="1" coveredmethods="1"/>
      <file name="Button.tsx" path="D:\projects\UBI\src\shared\ui\Button\Button.tsx">
        <metrics statements="4" coveredstatements="4" conditionals="1" coveredconditionals="1" methods="1" coveredmethods="1"/>
        <line num="26" count="1" type="stmt"/>
        <line num="34" count="1" type="stmt"/>
        <line num="36" count="1" type="stmt"/>
        <line num="42" count="1" type="stmt"/>
      </file>
    </package>
  </project>
</coverage>
