{"D:\\projects\\UBI\\config\\jest\\jestEmptyComponent.tsx": {"path":"D:\\projects\\UBI\\config\\jest\\jestEmptyComponent.tsx","statementMap":{"0":{"start":{"line":3,"column":27},"end":{"line":5,"column":1}},"1":{"start":{"line":4,"column":4},"end":{"line":4,"column":19}}},"fnMap":{"0":{"name":"(anonymous_0)","decl":{"start":{"line":3,"column":27},"end":{"line":3,"column":28}},"loc":{"start":{"line":3,"column":39},"end":{"line":5,"column":1}},"line":3}},"branchMap":{},"s":{"0":1,"1":2},"f":{"0":2},"b":{},"_coverageSchema":"1a1c01bbd47fc00a2c39e90264f33305004495a9","hash":"d13a2195b9631be09e5ae00055a059e080868e87"}
,"D:\\projects\\UBI\\src\\app\\providers\\ThemeProvider\\index.ts": {"path":"D:\\projects\\UBI\\src\\app\\providers\\ThemeProvider\\index.ts","statementMap":{},"fnMap":{},"branchMap":{},"s":{},"f":{},"b":{},"_coverageSchema":"1a1c01bbd47fc00a2c39e90264f33305004495a9","hash":"4aa95f06db26cf52c620f2a7c99e5c7fbb980598"}
,"D:\\projects\\UBI\\src\\app\\providers\\ThemeProvider\\lib\\ThemeContext.ts": {"path":"D:\\projects\\UBI\\src\\app\\providers\\ThemeProvider\\lib\\ThemeContext.ts","statementMap":{"0":{"start":{"line":13,"column":28},"end":{"line":13,"column":64}},"1":{"start":{"line":15,"column":39},"end":{"line":15,"column":46}}},"fnMap":{},"branchMap":{},"s":{"0":1,"1":1},"f":{},"b":{},"_coverageSchema":"1a1c01bbd47fc00a2c39e90264f33305004495a9","hash":"b706c5c84e602430455b7127b22ba95b6cd796c3"}
,"D:\\projects\\UBI\\src\\app\\providers\\ThemeProvider\\lib\\useTheme.ts": {"path":"D:\\projects\\UBI\\src\\app\\providers\\ThemeProvider\\lib\\useTheme.ts","statementMap":{"0":{"start":{"line":9,"column":24},"end":{"line":19,"column":1}},"1":{"start":{"line":10,"column":32},"end":{"line":10,"column":56}},"2":{"start":{"line":12,"column":24},"end":{"line":16,"column":5}},"3":{"start":{"line":13,"column":25},"end":{"line":13,"column":73}},"4":{"start":{"line":14,"column":8},"end":{"line":14,"column":27}},"5":{"start":{"line":15,"column":8},"end":{"line":15,"column":64}},"6":{"start":{"line":18,"column":4},"end":{"line":18,"column":34}}},"fnMap":{"0":{"name":"(anonymous_0)","decl":{"start":{"line":9,"column":24},"end":{"line":9,"column":25}},"loc":{"start":{"line":9,"column":46},"end":{"line":19,"column":1}},"line":9},"1":{"name":"(anonymous_1)","decl":{"start":{"line":12,"column":24},"end":{"line":12,"column":25}},"loc":{"start":{"line":12,"column":30},"end":{"line":16,"column":5}},"line":12}},"branchMap":{"0":{"loc":{"start":{"line":13,"column":25},"end":{"line":13,"column":73}},"type":"cond-expr","locations":[{"start":{"line":13,"column":49},"end":{"line":13,"column":59}},{"start":{"line":13,"column":62},"end":{"line":13,"column":73}}],"line":13}},"s":{"0":1,"1":2,"2":2,"3":0,"4":0,"5":0,"6":2},"f":{"0":2,"1":0},"b":{"0":[0,0]},"_coverageSchema":"1a1c01bbd47fc00a2c39e90264f33305004495a9","hash":"ce6c46c2f8d591b348c73f3fe14ebe1e04f709bd"}
,"D:\\projects\\UBI\\src\\app\\providers\\ThemeProvider\\ui\\ThemeProvider.tsx": {"path":"D:\\projects\\UBI\\src\\app\\providers\\ThemeProvider\\ui\\ThemeProvider.tsx","statementMap":{"0":{"start":{"line":4,"column":21},"end":{"line":4,"column":90}},"1":{"start":{"line":6,"column":26},"end":{"line":18,"column":1}},"2":{"start":{"line":7,"column":30},"end":{"line":7,"column":52}},"3":{"start":{"line":9,"column":25},"end":{"line":12,"column":16}},"4":{"start":{"line":9,"column":40},"end":{"line":12,"column":5}},"5":{"start":{"line":13,"column":4},"end":{"line":17,"column":6}}},"fnMap":{"0":{"name":"(anonymous_0)","decl":{"start":{"line":6,"column":26},"end":{"line":6,"column":27}},"loc":{"start":{"line":6,"column":44},"end":{"line":18,"column":1}},"line":6},"1":{"name":"(anonymous_1)","decl":{"start":{"line":9,"column":33},"end":{"line":9,"column":34}},"loc":{"start":{"line":9,"column":40},"end":{"line":12,"column":5}},"line":9}},"branchMap":{"0":{"loc":{"start":{"line":4,"column":21},"end":{"line":4,"column":90}},"type":"binary-expr","locations":[{"start":{"line":4,"column":21},"end":{"line":4,"column":75}},{"start":{"line":4,"column":79},"end":{"line":4,"column":90}}],"line":4}},"s":{"0":1,"1":1,"2":0,"3":0,"4":0,"5":0},"f":{"0":0,"1":0},"b":{"0":[1,1]},"_coverageSchema":"1a1c01bbd47fc00a2c39e90264f33305004495a9","hash":"6696f8178e159038ec8972d47b52002896dc3ba4"}
,"D:\\projects\\UBI\\src\\shared\\config\\i18n\\i18nForTests.ts": {"path":"D:\\projects\\UBI\\src\\shared\\config\\i18n\\i18nForTests.ts","statementMap":{"0":{"start":{"line":4,"column":0},"end":{"line":15,"column":7}}},"fnMap":{},"branchMap":{},"s":{"0":1},"f":{},"b":{},"_coverageSchema":"1a1c01bbd47fc00a2c39e90264f33305004495a9","hash":"a59c4f3a014af0e45c27f386ede74c0b83ac6bbb"}
,"D:\\projects\\UBI\\src\\shared\\lib\\classNames\\classNames.ts": {"path":"D:\\projects\\UBI\\src\\shared\\lib\\classNames\\classNames.ts","statementMap":{"0":{"start":{"line":3,"column":19},"end":{"line":9,"column":21}},"1":{"start":{"line":3,"column":88},"end":{"line":9,"column":21}},"2":{"start":{"line":7,"column":34},"end":{"line":7,"column":48}},"3":{"start":{"line":8,"column":30},"end":{"line":8,"column":39}}},"fnMap":{"0":{"name":"(anonymous_0)","decl":{"start":{"line":3,"column":19},"end":{"line":3,"column":20}},"loc":{"start":{"line":3,"column":88},"end":{"line":9,"column":21}},"line":3},"1":{"name":"(anonymous_1)","decl":{"start":{"line":7,"column":16},"end":{"line":7,"column":17}},"loc":{"start":{"line":7,"column":34},"end":{"line":7,"column":48}},"line":7},"2":{"name":"(anonymous_2)","decl":{"start":{"line":8,"column":13},"end":{"line":8,"column":14}},"loc":{"start":{"line":8,"column":30},"end":{"line":8,"column":39}},"line":8}},"branchMap":{"0":{"loc":{"start":{"line":3,"column":33},"end":{"line":3,"column":48}},"type":"default-arg","locations":[{"start":{"line":3,"column":46},"end":{"line":3,"column":48}}],"line":3},"1":{"loc":{"start":{"line":3,"column":50},"end":{"line":3,"column":75}},"type":"default-arg","locations":[{"start":{"line":3,"column":73},"end":{"line":3,"column":75}}],"line":3}},"s":{"0":1,"1":12,"2":2,"3":1},"f":{"0":12,"1":2,"2":1},"b":{"0":[0],"1":[0]},"_coverageSchema":"1a1c01bbd47fc00a2c39e90264f33305004495a9","hash":"bba668039b5161e0e3c926836e2f295a1230b937"}
,"D:\\projects\\UBI\\src\\shared\\lib\\tests\\renderWithTranslation\\renderWithTranslation.tsx": {"path":"D:\\projects\\UBI\\src\\shared\\lib\\tests\\renderWithTranslation\\renderWithTranslation.tsx","statementMap":{"0":{"start":{"line":7,"column":4},"end":{"line":11,"column":6}}},"fnMap":{"0":{"name":"renderWithTranslation","decl":{"start":{"line":6,"column":16},"end":{"line":6,"column":37}},"loc":{"start":{"line":6,"column":60},"end":{"line":12,"column":1}},"line":6}},"branchMap":{},"s":{"0":1},"f":{"0":1},"b":{},"_coverageSchema":"1a1c01bbd47fc00a2c39e90264f33305004495a9","hash":"8850339df42af50bbb86bc77e461a76886556759"}
,"D:\\projects\\UBI\\src\\shared\\ui\\Button\\Button.tsx": {"path":"D:\\projects\\UBI\\src\\shared\\ui\\Button\\Button.tsx","statementMap":{"0":{"start":{"line":14,"column":39},"end":{"line":27,"column":1}},"1":{"start":{"line":17,"column":8},"end":{"line":17,"column":13}},"2":{"start":{"line":18,"column":4},"end":{"line":26,"column":6}}},"fnMap":{"0":{"name":"(anonymous_0)","decl":{"start":{"line":14,"column":39},"end":{"line":14,"column":40}},"loc":{"start":{"line":14,"column":50},"end":{"line":27,"column":1}},"line":14}},"branchMap":{"0":{"loc":{"start":{"line":16,"column":29},"end":{"line":16,"column":54}},"type":"default-arg","locations":[{"start":{"line":16,"column":37},"end":{"line":16,"column":54}}],"line":16}},"s":{"0":1,"1":6,"2":6},"f":{"0":6},"b":{"0":[4]},"_coverageSchema":"1a1c01bbd47fc00a2c39e90264f33305004495a9","hash":"45968615cc02040b2f3c0135cf040affad25527c"}
,"D:\\projects\\UBI\\src\\widgets\\LanguageSwitcher\\index.ts": {"path":"D:\\projects\\UBI\\src\\widgets\\LanguageSwitcher\\index.ts","statementMap":{},"fnMap":{},"branchMap":{},"s":{},"f":{},"b":{},"_coverageSchema":"1a1c01bbd47fc00a2c39e90264f33305004495a9","hash":"b3b9b16f5b4e2974cf31f0b5de359125dd639be2"}
,"D:\\projects\\UBI\\src\\widgets\\LanguageSwitcher\\ui\\LanguageSwitcher.tsx": {"path":"D:\\projects\\UBI\\src\\widgets\\LanguageSwitcher\\ui\\LanguageSwitcher.tsx","statementMap":{"0":{"start":{"line":9,"column":32},"end":{"line":25,"column":1}},"1":{"start":{"line":10,"column":24},"end":{"line":10,"column":40}},"2":{"start":{"line":12,"column":25},"end":{"line":14,"column":5}},"3":{"start":{"line":13,"column":8},"end":{"line":13,"column":72}},"4":{"start":{"line":16,"column":4},"end":{"line":24,"column":6}}},"fnMap":{"0":{"name":"(anonymous_0)","decl":{"start":{"line":9,"column":32},"end":{"line":9,"column":33}},"loc":{"start":{"line":9,"column":74},"end":{"line":25,"column":1}},"line":9},"1":{"name":"(anonymous_1)","decl":{"start":{"line":12,"column":25},"end":{"line":12,"column":26}},"loc":{"start":{"line":12,"column":37},"end":{"line":14,"column":5}},"line":12}},"branchMap":{"0":{"loc":{"start":{"line":13,"column":34},"end":{"line":13,"column":70}},"type":"cond-expr","locations":[{"start":{"line":13,"column":59},"end":{"line":13,"column":63}},{"start":{"line":13,"column":66},"end":{"line":13,"column":70}}],"line":13}},"s":{"0":1,"1":2,"2":2,"3":0,"4":2},"f":{"0":2,"1":0},"b":{"0":[0,0]},"_coverageSchema":"1a1c01bbd47fc00a2c39e90264f33305004495a9","hash":"e877ce7444046bf3904d906f42602e78cf74acd7"}
,"D:\\projects\\UBI\\src\\widgets\\Sidebar\\ui\\Sidebar\\Sidebar.tsx": {"path":"D:\\projects\\UBI\\src\\widgets\\Sidebar\\ui\\Sidebar\\Sidebar.tsx","statementMap":{"0":{"start":{"line":13,"column":23},"end":{"line":32,"column":1}},"1":{"start":{"line":14,"column":38},"end":{"line":14,"column":53}},"2":{"start":{"line":16,"column":21},"end":{"line":18,"column":5}},"3":{"start":{"line":17,"column":8},"end":{"line":17,"column":38}},"4":{"start":{"line":17,"column":31},"end":{"line":17,"column":36}},"5":{"start":{"line":20,"column":4},"end":{"line":31,"column":6}}},"fnMap":{"0":{"name":"(anonymous_0)","decl":{"start":{"line":13,"column":23},"end":{"line":13,"column":24}},"loc":{"start":{"line":13,"column":56},"end":{"line":32,"column":1}},"line":13},"1":{"name":"(anonymous_1)","decl":{"start":{"line":16,"column":21},"end":{"line":16,"column":22}},"loc":{"start":{"line":16,"column":27},"end":{"line":18,"column":5}},"line":16},"2":{"name":"(anonymous_2)","decl":{"start":{"line":17,"column":21},"end":{"line":17,"column":22}},"loc":{"start":{"line":17,"column":31},"end":{"line":17,"column":36}},"line":17}},"branchMap":{},"s":{"0":1,"1":2,"2":2,"3":1,"4":1,"5":2},"f":{"0":2,"1":1,"2":1},"b":{},"_coverageSchema":"1a1c01bbd47fc00a2c39e90264f33305004495a9","hash":"9d3c52ba43d3844fc5f2b47740d62c7b1c9f5aaf"}
,"D:\\projects\\UBI\\src\\widgets\\ThemeSwitcher\\index.ts": {"path":"D:\\projects\\UBI\\src\\widgets\\ThemeSwitcher\\index.ts","statementMap":{},"fnMap":{},"branchMap":{},"s":{},"f":{},"b":{},"_coverageSchema":"1a1c01bbd47fc00a2c39e90264f33305004495a9","hash":"41f97aa8b4164c93cabbe9be752ce8e1305ca13d"}
,"D:\\projects\\UBI\\src\\widgets\\ThemeSwitcher\\ui\\ThemeSwitcher.tsx": {"path":"D:\\projects\\UBI\\src\\widgets\\ThemeSwitcher\\ui\\ThemeSwitcher.tsx","statementMap":{"0":{"start":{"line":12,"column":29},"end":{"line":21,"column":1}},"1":{"start":{"line":13,"column":35},"end":{"line":13,"column":45}},"2":{"start":{"line":14,"column":26},"end":{"line":14,"column":69}},"3":{"start":{"line":16,"column":4},"end":{"line":20,"column":6}}},"fnMap":{"0":{"name":"(anonymous_0)","decl":{"start":{"line":12,"column":29},"end":{"line":12,"column":30}},"loc":{"start":{"line":12,"column":68},"end":{"line":21,"column":1}},"line":12}},"branchMap":{"0":{"loc":{"start":{"line":14,"column":26},"end":{"line":14,"column":69}},"type":"cond-expr","locations":[{"start":{"line":14,"column":49},"end":{"line":14,"column":58}},{"start":{"line":14,"column":61},"end":{"line":14,"column":69}}],"line":14}},"s":{"0":1,"1":2,"2":2,"3":2},"f":{"0":2},"b":{"0":[0,2]},"_coverageSchema":"1a1c01bbd47fc00a2c39e90264f33305004495a9","hash":"62d22f1b2e55aec5375e735ec725aa9934616501"}
}
