{"D:\\projects\\UBI\\src\\entities\\Counter\\model\\slice\\counterSlice.ts": {"path":"D:\\projects\\UBI\\src\\entities\\Counter\\model\\slice\\counterSlice.ts","statementMap":{"0":{"start":{"line":4,"column":36},"end":{"line":6,"column":1}},"1":{"start":{"line":8,"column":28},"end":{"line":19,"column":2}},"2":{"start":{"line":13,"column":12},"end":{"line":13,"column":29}},"3":{"start":{"line":16,"column":12},"end":{"line":16,"column":29}},"4":{"start":{"line":25,"column":4},"end":{"line":25,"column":16}}},"fnMap":{"0":{"name":"(anonymous_0)","decl":{"start":{"line":12,"column":19},"end":{"line":12,"column":20}},"loc":{"start":{"line":12,"column":30},"end":{"line":14,"column":9}},"line":12},"1":{"name":"(anonymous_1)","decl":{"start":{"line":15,"column":19},"end":{"line":15,"column":20}},"loc":{"start":{"line":15,"column":30},"end":{"line":17,"column":9}},"line":15}},"branchMap":{},"s":{"0":1,"1":1,"2":1,"3":1,"4":1},"f":{"0":1,"1":1},"b":{},"_coverageSchema":"1a1c01bbd47fc00a2c39e90264f33305004495a9","hash":"9153b4511598a5ec62ca82c7f3e1c9447269e00f"}
}
